# JRE version: OpenJDK Runtime Environment (8.0_76-b03) (build 1.8.0_76-release-b03)
# Java VM: OpenJDK 64-Bit Server VM (25.76-b03 mixed mode linux-amd64 compressed oops)
Heap:
 PSYoungGen      total 281088K, used 9521K [0x00000000e0000000, 0x00000000f2680000, 0x0000000100000000)
  eden space 263168K, 0% used [0x00000000e0000000,0x00000000e0000000,0x00000000f0100000)
  from space 17920K, 53% used [0x00000000f0100000,0x00000000f0a4c518,0x00000000f1280000)
  to   space 15360K, 0% used [0x00000000f1280000,0x00000000f1280000,0x00000000f2180000)
 ParOldGen       total 73216K, used 31805K [0x00000000a0000000, 0x00000000a4780000, 0x00000000e0000000)
  object space 73216K, 43% used [0x00000000a0000000,0x00000000a1f0f438,0x00000000a4780000)
 Metaspace       used 58080K, capacity 59648K, committed 59904K, reserved 1101824K
  class space    used 7561K, capacity 7892K, committed 7936K, reserved 1048576K
GC Heap History (10 events):
Event: 10,577 GC heap after
Heap after GC invocations=9 (full 1):
 PSYoungGen      total 203264K, used 9441K [0x00000000e0000000, 0x00000000ee580000, 0x0000000100000000)
  eden space 192512K, 0% used [0x00000000e0000000,0x00000000e0000000,0x00000000ebc00000)
  from space 10752K, 87% used [0x00000000ec780000,0x00000000ed0b8768,0x00000000ed200000)
  to   space 11776K, 0% used [0x00000000ebc00000,0x00000000ebc00000,0x00000000ec780000)
 ParOldGen       total 54272K, used 10098K [0x00000000a0000000, 0x00000000a3500000, 0x00000000e0000000)
  object space 54272K, 18% used [0x00000000a0000000,0x00000000a09dc8b0,0x00000000a3500000)
 Metaspace       used 34656K, capacity 35220K, committed 35496K, reserved 1079296K
  class space    used 4642K, capacity 4815K, committed 4864K, reserved 1048576K
}
Event: 10,577 GC heap before
{Heap before GC invocations=10 (full 2):
 PSYoungGen      total 203264K, used 9441K [0x00000000e0000000, 0x00000000ee580000, 0x0000000100000000)
  eden space 192512K, 0% used [0x00000000e0000000,0x00000000e0000000,0x00000000ebc00000)
  from space 10752K, 87% used [0x00000000ec780000,0x00000000ed0b8768,0x00000000ed200000)
  to   space 11776K, 0% used [0x00000000ebc00000,0x00000000ebc00000,0x00000000ec780000)
 ParOldGen       total 54272K, used 10098K [0x00000000a0000000, 0x00000000a3500000, 0x00000000e0000000)
  object space 54272K, 18% used [0x00000000a0000000,0x00000000a09dc8b0,0x00000000a3500000)
 Metaspace       used 34656K, capacity 35220K, committed 35496K, reserved 1079296K
  class space    used 4642K, capacity 4815K, committed 4864K, reserved 1048576K
Event: 10,785 GC heap after
Heap after GC invocations=10 (full 2):
 PSYoungGen      total 203264K, used 0K [0x00000000e0000000, 0x00000000ee580000, 0x0000000100000000)
  eden space 192512K, 0% used [0x00000000e0000000,0x00000000e0000000,0x00000000ebc00000)
  from space 10752K, 0% used [0x00000000ec780000,0x00000000ec780000,0x00000000ed200000)
  to   space 11776K, 0% used [0x00000000ebc00000,0x00000000ebc00000,0x00000000ec780000)
 ParOldGen       total 73216K, used 16831K [0x00000000a0000000, 0x00000000a4780000, 0x00000000e0000000)
  object space 73216K, 22% used [0x00000000a0000000,0x00000000a106ff10,0x00000000a4780000)
 Metaspace       used 34656K, capacity 35220K, committed 35496K, reserved 1079296K
  class space    used 4642K, capacity 4815K, committed 4864K, reserved 1048576K
}
Event: 15,528 GC heap before
{Heap before GC invocations=11 (full 2):
 PSYoungGen      total 203264K, used 192512K [0x00000000e0000000, 0x00000000ee580000, 0x0000000100000000)
  eden space 192512K, 100% used [0x00000000e0000000,0x00000000ebc00000,0x00000000ebc00000)
  from space 10752K, 0% used [0x00000000ec780000,0x00000000ec780000,0x00000000ed200000)
  to   space 11776K, 0% used [0x00000000ebc00000,0x00000000ebc00000,0x00000000ec780000)
 ParOldGen       total 73216K, used 16831K [0x00000000a0000000, 0x00000000a4780000, 0x00000000e0000000)
  object space 73216K, 22% used [0x00000000a0000000,0x00000000a106ff10,0x00000000a4780000)
 Metaspace       used 45620K, capacity 46854K, committed 46976K, reserved 1089536K
  class space    used 6139K, capacity 6411K, committed 6528K, reserved 1048576K
Event: 15,605 GC heap after
Heap after GC invocations=11 (full 2):
 PSYoungGen      total 204288K, used 11754K [0x00000000e0000000, 0x00000000f2180000, 0x0000000100000000)
  eden space 192512K, 0% used [0x00000000e0000000,0x00000000e0000000,0x00000000ebc00000)
  from space 11776K, 99% used [0x00000000ebc00000,0x00000000ec77a810,0x00000000ec780000)
  to   space 15360K, 0% used [0x00000000f1280000,0x00000000f1280000,0x00000000f2180000)
 ParOldGen       total 73216K, used 22139K [0x00000000a0000000, 0x00000000a4780000, 0x00000000e0000000)
  object space 73216K, 30% used [0x00000000a0000000,0x00000000a159ec80,0x00000000a4780000)
 Metaspace       used 45620K, capacity 46854K, committed 46976K, reserved 1089536K
  class space    used 6139K, capacity 6411K, committed 6528K, reserved 1048576K
}
Event: 21,702 GC heap before
{Heap before GC invocations=12 (full 2):
 PSYoungGen      total 204288K, used 137254K [0x00000000e0000000, 0x00000000f2180000, 0x0000000100000000)
  eden space 192512K, 65% used [0x00000000e0000000,0x00000000e7a8f238,0x00000000ebc00000)
  from space 11776K, 99% used [0x00000000ebc00000,0x00000000ec77a810,0x00000000ec780000)
  to   space 15360K, 0% used [0x00000000f1280000,0x00000000f1280000,0x00000000f2180000)
 ParOldGen       total 73216K, used 22139K [0x00000000a0000000, 0x00000000a4780000, 0x00000000e0000000)
  object space 73216K, 30% used [0x00000000a0000000,0x00000000a159ec80,0x00000000a4780000)
 Metaspace       used 51714K, capacity 53016K, committed 53248K, reserved 1095680K
  class space    used 6858K, capacity 7160K, committed 7168K, reserved 1048576K
Event: 21,735 GC heap after
Heap after GC invocations=12 (full 2):
 PSYoungGen      total 278528K, used 15345K [0x00000000e0000000, 0x00000000f2680000, 0x0000000100000000)
  eden space 263168K, 0% used [0x00000000e0000000,0x00000000e0000000,0x00000000f0100000)
  from space 15360K, 99% used [0x00000000f1280000,0x00000000f217c678,0x00000000f2180000)
  to   space 17920K, 0% used [0x00000000f0100000,0x00000000f0100000,0x00000000f1280000)
 ParOldGen       total 73216K, used 24389K [0x00000000a0000000, 0x00000000a4780000, 0x00000000e0000000)
  object space 73216K, 33% used [0x00000000a0000000,0x00000000a17d1448,0x00000000a4780000)
 Metaspace       used 51714K, capacity 53016K, committed 53248K, reserved 1095680K
  class space    used 6858K, capacity 7160K, committed 7168K, reserved 1048576K
}
Event: 21,735 GC heap before
{Heap before GC invocations=13 (full 3):
 PSYoungGen      total 278528K, used 15345K [0x00000000e0000000, 0x00000000f2680000, 0x0000000100000000)
  eden space 263168K, 0% used [0x00000000e0000000,0x00000000e0000000,0x00000000f0100000)
  from space 15360K, 99% used [0x00000000f1280000,0x00000000f217c678,0x00000000f2180000)
  to   space 17920K, 0% used [0x00000000f0100000,0x00000000f0100000,0x00000000f1280000)
 ParOldGen       total 73216K, used 24389K [0x00000000a0000000, 0x00000000a4780000, 0x00000000e0000000)
  object space 73216K, 33% used [0x00000000a0000000,0x00000000a17d1448,0x00000000a4780000)
 Metaspace       used 51714K, capacity 53016K, committed 53248K, reserved 1095680K
  class space    used 6858K, capacity 7160K, committed 7168K, reserved 1048576K
Event: 22,077 GC heap after
Heap after GC invocations=13 (full 3):
 PSYoungGen      total 278528K, used 0K [0x00000000e0000000, 0x00000000f2680000, 0x0000000100000000)
  eden space 263168K, 0% used [0x00000000e0000000,0x00000000e0000000,0x00000000f0100000)
  from space 15360K, 0% used [0x00000000f1280000,0x00000000f1280000,0x00000000f2180000)
  to   space 17920K, 0% used [0x00000000f0100000,0x00000000f0100000,0x00000000f1280000)
 ParOldGen       total 73216K, used 31797K [0x00000000a0000000, 0x00000000a4780000, 0x00000000e0000000)
  object space 73216K, 43% used [0x00000000a0000000,0x00000000a1f0d438,0x00000000a4780000)
 Metaspace       used 51712K, capacity 53010K, committed 53248K, reserved 1095680K
  class space    used 6857K, capacity 7159K, committed 7168K, reserved 1048576K
}
Event: 76,136 GC heap before
{Heap before GC invocations=14 (full 3):
 PSYoungGen      total 278528K, used 263168K [0x00000000e0000000, 0x00000000f2680000, 0x0000000100000000)
  eden space 263168K, 100% used [0x00000000e0000000,0x00000000f0100000,0x00000000f0100000)
  from space 15360K, 0% used [0x00000000f1280000,0x00000000f1280000,0x00000000f2180000)
  to   space 17920K, 0% used [0x00000000f0100000,0x00000000f0100000,0x00000000f1280000)
 ParOldGen       total 73216K, used 31797K [0x00000000a0000000, 0x00000000a4780000, 0x00000000e0000000)
  object space 73216K, 43% used [0x00000000a0000000,0x00000000a1f0d438,0x00000000a4780000)
 Metaspace       used 58080K, capacity 59648K, committed 59904K, reserved 1101824K
  class space    used 7561K, capacity 7892K, committed 7936K, reserved 1048576K

